2025-09-30 13:36:51.292  INFO 18404 --- [restartedMain] i.g.c.mscartoes.MscartoesApplication     : Starting MscartoesApplication using Java 11.0.15 on DESKTOP-A078AE0 with PID 18404 (G:\ws-cursospring\mscartoes\target\classes started by Gabriel in G:\ws-cursospring\mscartoes)
2025-09-30 13:36:51.297  INFO 18404 --- [restartedMain] i.g.c.mscartoes.MscartoesApplication     : The following 1 profile is active: "local"
2025-09-30 13:36:51.347  INFO 18404 --- [restartedMain] .e.DevToolsPropertyDefaultsPostProcessor : Devtools property defaults active! Set 'spring.devtools.add-properties' to 'false' to disable
2025-09-30 13:36:51.348  INFO 18404 --- [restartedMain] .e.DevToolsPropertyDefaultsPostProcessor : For additional web related logging consider setting the 'logging.level.web' property to 'DEBUG'
2025-09-30 13:36:52.459  INFO 18404 --- [restartedMain] .s.d.r.c.RepositoryConfigurationDelegate : Bootstrapping Spring Data JPA repositories in DEFAULT mode.
2025-09-30 13:36:52.623  INFO 18404 --- [restartedMain] .s.d.r.c.RepositoryConfigurationDelegate : Finished Spring Data repository scanning in 153 ms. Found 2 JPA repository interfaces.
2025-09-30 13:36:52.924  INFO 18404 --- [restartedMain] o.s.cloud.context.scope.GenericScope     : BeanFactory id=b36e74dc-5b1f-37ad-9786-43ed33f1092b
2025-09-30 13:36:53.990  INFO 18404 --- [restartedMain] o.s.b.w.embedded.tomcat.TomcatWebServer  : Tomcat initialized with port(s): 0 (http)
2025-09-30 13:36:54.004  INFO 18404 --- [restartedMain] o.apache.catalina.core.StandardService   : Starting service [Tomcat]
2025-09-30 13:36:54.005  INFO 18404 --- [restartedMain] org.apache.catalina.core.StandardEngine  : Starting Servlet engine: [Apache Tomcat/9.0.60]
2025-09-30 13:36:54.136  INFO 18404 --- [restartedMain] o.a.c.c.C.[Tomcat].[localhost].[/]       : Initializing Spring embedded WebApplicationContext
2025-09-30 13:36:54.136  INFO 18404 --- [restartedMain] w.s.c.ServletWebServerApplicationContext : Root WebApplicationContext: initialization completed in 2788 ms
2025-09-30 13:36:54.290  INFO 18404 --- [restartedMain] com.zaxxer.hikari.HikariDataSource       : HikariPool-1 - Starting...
2025-09-30 13:36:54.595  INFO 18404 --- [restartedMain] com.zaxxer.hikari.HikariDataSource       : HikariPool-1 - Start completed.
2025-09-30 13:36:54.611  INFO 18404 --- [restartedMain] o.s.b.a.h2.H2ConsoleAutoConfiguration    : H2 console available at '/h2-console'. Database available at 'jdbc:h2:mem:569a153d-d250-4bb8-b20d-e5babab9021e'
2025-09-30 13:36:55.020  INFO 18404 --- [restartedMain] o.hibernate.jpa.internal.util.LogHelper  : HHH000204: Processing PersistenceUnitInfo [name: default]
2025-09-30 13:36:55.125  INFO 18404 --- [restartedMain] org.hibernate.Version                    : HHH000412: Hibernate ORM core version 5.6.7.Final
2025-09-30 13:36:55.465  INFO 18404 --- [restartedMain] o.hibernate.annotations.common.Version   : HCANN000001: Hibernate Commons Annotations {5.1.2.Final}
2025-09-30 13:36:55.646  INFO 18404 --- [restartedMain] org.hibernate.dialect.Dialect            : HHH000400: Using dialect: org.hibernate.dialect.H2Dialect
2025-09-30 13:36:56.271  INFO 18404 --- [restartedMain] o.h.e.t.j.p.i.JtaPlatformInitiator       : HHH000490: Using JtaPlatform implementation: [org.hibernate.engine.transaction.jta.platform.internal.NoJtaPlatform]
2025-09-30 13:36:56.278  INFO 18404 --- [restartedMain] j.LocalContainerEntityManagerFactoryBean : Initialized JPA EntityManagerFactory for persistence unit 'default'
2025-09-30 13:36:56.861  WARN 18404 --- [restartedMain] JpaBaseConfiguration$JpaWebConfiguration : spring.jpa.open-in-view is enabled by default. Therefore, database queries may be performed during view rendering. Explicitly configure spring.jpa.open-in-view to disable this warning
2025-09-30 13:36:59.792  INFO 18404 --- [restartedMain] o.s.b.d.a.OptionalLiveReloadServer       : LiveReload server is running on port 35729
2025-09-30 13:37:00.237  INFO 18404 --- [restartedMain] DiscoveryClientOptionalArgsConfiguration : Eureka HTTP Client uses RestTemplate.
2025-09-30 13:37:00.312  WARN 18404 --- [restartedMain] iguration$LoadBalancerCaffeineWarnLogger : Spring Cloud LoadBalancer is currently working with the default cache. While this cache implementation is useful for development and tests, it's recommended to use Caffeine cache in production.You can switch to using Caffeine cache, by adding it and org.springframework.cache.caffeine.CaffeineCacheManager to the classpath.
2025-09-30 13:37:00.319  INFO 18404 --- [restartedMain] o.s.b.a.e.web.EndpointLinksResolver      : Exposing 17 endpoint(s) beneath base path '/actuator'
2025-09-30 13:37:00.413  INFO 18404 --- [restartedMain] o.s.b.w.embedded.tomcat.TomcatWebServer  : Tomcat started on port(s): 59838 (http) with context path ''
2025-09-30 13:37:00.415  INFO 18404 --- [restartedMain] .s.c.n.e.s.EurekaAutoServiceRegistration : Updating port to 59838
2025-09-30 13:37:00.420  INFO 18404 --- [restartedMain] o.s.c.n.eureka.InstanceInfoFactory       : Setting initial instance status as: STARTING
2025-09-30 13:37:00.522  INFO 18404 --- [restartedMain] com.netflix.discovery.DiscoveryClient    : Initializing Eureka in region us-east-1
2025-09-30 13:37:00.528  INFO 18404 --- [restartedMain] c.n.d.s.r.aws.ConfigClusterResolver      : Resolving eureka endpoints via configuration
2025-09-30 13:37:00.556  INFO 18404 --- [restartedMain] com.netflix.discovery.DiscoveryClient    : Disable delta property : false
2025-09-30 13:37:00.556  INFO 18404 --- [restartedMain] com.netflix.discovery.DiscoveryClient    : Single vip registry refresh property : null
2025-09-30 13:37:00.556  INFO 18404 --- [restartedMain] com.netflix.discovery.DiscoveryClient    : Force full registry fetch : false
2025-09-30 13:37:00.556  INFO 18404 --- [restartedMain] com.netflix.discovery.DiscoveryClient    : Application is null : false
2025-09-30 13:37:00.556  INFO 18404 --- [restartedMain] com.netflix.discovery.DiscoveryClient    : Registered Applications size is zero : true
2025-09-30 13:37:00.556  INFO 18404 --- [restartedMain] com.netflix.discovery.DiscoveryClient    : Application version is -1: true
2025-09-30 13:37:00.556  INFO 18404 --- [restartedMain] com.netflix.discovery.DiscoveryClient    : Getting all instance registry info from the eureka server
2025-09-30 13:37:00.877  INFO 18404 --- [restartedMain] com.netflix.discovery.DiscoveryClient    : The response status is 200
2025-09-30 13:37:00.881  INFO 18404 --- [restartedMain] com.netflix.discovery.DiscoveryClient    : Starting heartbeat executor: renew interval is: 30
2025-09-30 13:37:00.885  INFO 18404 --- [restartedMain] c.n.discovery.InstanceInfoReplicator     : InstanceInfoReplicator onDemand update allowed rate per min is 4
2025-09-30 13:37:00.898  INFO 18404 --- [restartedMain] com.netflix.discovery.DiscoveryClient    : Discovery Client initialized at timestamp 1759250220896 with initial instances count: 6
2025-09-30 13:37:00.902  INFO 18404 --- [restartedMain] o.s.c.n.e.s.EurekaServiceRegistry        : Registering application MSCARTOES with eureka with status UP
2025-09-30 13:37:00.904  INFO 18404 --- [restartedMain] com.netflix.discovery.DiscoveryClient    : Saw local status change event StatusChangeEvent [timestamp=1759250220904, current=UP, previous=STARTING]
2025-09-30 13:37:00.909  INFO 18404 --- [DiscoveryClient-InstanceInfoReplicator-0] com.netflix.discovery.DiscoveryClient    : DiscoveryClient_MSCARTOES/mscartoes:75caf531053ac6c786802800772d0883: registering service...
2025-09-30 13:37:01.041  INFO 18404 --- [DiscoveryClient-InstanceInfoReplicator-0] com.netflix.discovery.DiscoveryClient    : DiscoveryClient_MSCARTOES/mscartoes:75caf531053ac6c786802800772d0883 - registration status: 204
2025-09-30 13:37:01.345  INFO 18404 --- [restartedMain] o.s.a.r.c.CachingConnectionFactory       : Attempting to connect to: [localhost:5672]
2025-09-30 13:37:01.399  INFO 18404 --- [restartedMain] o.s.a.r.c.CachingConnectionFactory       : Created new connection: rabbitConnectionFactory#6a11e2bb:0/SimpleConnection@3a98aca6 [delegate=amqp://guest@127.0.0.1:5672/, localPort= 59843]
2025-09-30 13:37:01.467  INFO 18404 --- [restartedMain] i.g.c.mscartoes.MscartoesApplication     : Started MscartoesApplication in 11.154 seconds (JVM running for 18.817)
2025-09-30 13:38:49.847  INFO 18404 --- [SpringApplicationShutdownHook] o.s.c.n.e.s.EurekaServiceRegistry        : Unregistering application MSCARTOES with eureka with status DOWN
2025-09-30 13:38:49.847  INFO 18404 --- [SpringApplicationShutdownHook] com.netflix.discovery.DiscoveryClient    : Saw local status change event StatusChangeEvent [timestamp=1759250329847, current=DOWN, previous=UP]
2025-09-30 13:38:49.849  INFO 18404 --- [DiscoveryClient-InstanceInfoReplicator-0] com.netflix.discovery.DiscoveryClient    : DiscoveryClient_MSCARTOES/mscartoes:75caf531053ac6c786802800772d0883: registering service...
2025-09-30 13:38:49.855  INFO 18404 --- [SpringApplicationShutdownHook] o.s.a.r.l.SimpleMessageListenerContainer : Waiting for workers to finish.
2025-09-30 13:38:49.858  INFO 18404 --- [DiscoveryClient-InstanceInfoReplicator-0] com.netflix.discovery.DiscoveryClient    : DiscoveryClient_MSCARTOES/mscartoes:75caf531053ac6c786802800772d0883 - registration status: 204
2025-09-30 13:38:50.620  INFO 18404 --- [SpringApplicationShutdownHook] o.s.a.r.l.SimpleMessageListenerContainer : Successfully waited for workers to finish.
2025-09-30 13:38:50.892  INFO 18404 --- [SpringApplicationShutdownHook] j.LocalContainerEntityManagerFactoryBean : Closing JPA EntityManagerFactory for persistence unit 'default'
2025-09-30 13:38:50.893  INFO 18404 --- [SpringApplicationShutdownHook] .SchemaDropperImpl$DelayedDropActionImpl : HHH000477: Starting delayed evictData of schema as part of SessionFactory shut-down'
2025-09-30 13:38:51.113  WARN 18404 --- [SpringApplicationShutdownHook] o.s.b.f.support.DisposableBeanAdapter    : Invocation of destroy method failed on bean with name 'inMemoryDatabaseShutdownExecutor': org.h2.jdbc.JdbcSQLNonTransientConnectionException: Database is already closed (to disable automatic closing at VM shutdown, add ";DB_CLOSE_ON_EXIT=FALSE" to the db URL) [90121-200]
2025-09-30 13:38:51.114  INFO 18404 --- [SpringApplicationShutdownHook] com.zaxxer.hikari.HikariDataSource       : HikariPool-1 - Shutdown initiated...
2025-09-30 13:38:51.119  INFO 18404 --- [SpringApplicationShutdownHook] com.zaxxer.hikari.HikariDataSource       : HikariPool-1 - Shutdown completed.
2025-09-30 13:38:51.121  INFO 18404 --- [SpringApplicationShutdownHook] com.netflix.discovery.DiscoveryClient    : Shutting down DiscoveryClient ...
2025-09-30 13:38:54.127  INFO 18404 --- [SpringApplicationShutdownHook] com.netflix.discovery.DiscoveryClient    : Unregistering ...
2025-09-30 13:38:54.188  INFO 18404 --- [SpringApplicationShutdownHook] com.netflix.discovery.DiscoveryClient    : DiscoveryClient_MSCARTOES/mscartoes:75caf531053ac6c786802800772d0883 - deregister  status: 200
2025-09-30 13:38:54.191  INFO 18404 --- [SpringApplicationShutdownHook] com.netflix.discovery.DiscoveryClient    : Completed shut down of DiscoveryClient
2025-09-30 13:40:28.932  INFO 15504 --- [restartedMain] i.g.c.mscartoes.MscartoesApplication     : Starting MscartoesApplication using Java 11.0.15 on DESKTOP-A078AE0 with PID 15504 (G:\ws-cursospring\mscartoes\target\classes started by Gabriel in G:\ws-cursospring\mscartoes)
2025-09-30 13:40:28.934  INFO 15504 --- [restartedMain] i.g.c.mscartoes.MscartoesApplication     : No active profile set, falling back to 1 default profile: "default"
2025-09-30 13:40:28.980  INFO 15504 --- [restartedMain] .e.DevToolsPropertyDefaultsPostProcessor : Devtools property defaults active! Set 'spring.devtools.add-properties' to 'false' to disable
2025-09-30 13:40:28.980  INFO 15504 --- [restartedMain] .e.DevToolsPropertyDefaultsPostProcessor : For additional web related logging consider setting the 'logging.level.web' property to 'DEBUG'
2025-09-30 13:40:29.969  INFO 15504 --- [restartedMain] .s.d.r.c.RepositoryConfigurationDelegate : Bootstrapping Spring Data JPA repositories in DEFAULT mode.
2025-09-30 13:40:30.135  INFO 15504 --- [restartedMain] .s.d.r.c.RepositoryConfigurationDelegate : Finished Spring Data repository scanning in 158 ms. Found 2 JPA repository interfaces.
2025-09-30 13:40:30.401  INFO 15504 --- [restartedMain] o.s.cloud.context.scope.GenericScope     : BeanFactory id=b36e74dc-5b1f-37ad-9786-43ed33f1092b
2025-09-30 13:40:31.372  INFO 15504 --- [restartedMain] o.s.b.w.embedded.tomcat.TomcatWebServer  : Tomcat initialized with port(s): 0 (http)
2025-09-30 13:40:31.407  INFO 15504 --- [restartedMain] o.apache.catalina.core.StandardService   : Starting service [Tomcat]
2025-09-30 13:40:31.408  INFO 15504 --- [restartedMain] org.apache.catalina.core.StandardEngine  : Starting Servlet engine: [Apache Tomcat/9.0.60]
2025-09-30 13:40:31.535  INFO 15504 --- [restartedMain] o.a.c.c.C.[Tomcat].[localhost].[/]       : Initializing Spring embedded WebApplicationContext
2025-09-30 13:40:31.535  INFO 15504 --- [restartedMain] w.s.c.ServletWebServerApplicationContext : Root WebApplicationContext: initialization completed in 2554 ms
2025-09-30 13:40:31.708  INFO 15504 --- [restartedMain] com.zaxxer.hikari.HikariDataSource       : HikariPool-1 - Starting...
2025-09-30 13:40:31.921  INFO 15504 --- [restartedMain] com.zaxxer.hikari.HikariDataSource       : HikariPool-1 - Start completed.
2025-09-30 13:40:31.934  INFO 15504 --- [restartedMain] o.s.b.a.h2.H2ConsoleAutoConfiguration    : H2 console available at '/h2-console'. Database available at 'jdbc:h2:mem:6badda9e-fd70-4566-a717-d2987b3e521d'
2025-09-30 13:40:32.242  INFO 15504 --- [restartedMain] o.hibernate.jpa.internal.util.LogHelper  : HHH000204: Processing PersistenceUnitInfo [name: default]
2025-09-30 13:40:32.305  INFO 15504 --- [restartedMain] org.hibernate.Version                    : HHH000412: Hibernate ORM core version 5.6.7.Final
2025-09-30 13:40:32.487  INFO 15504 --- [restartedMain] o.hibernate.annotations.common.Version   : HCANN000001: Hibernate Commons Annotations {5.1.2.Final}
2025-09-30 13:40:32.635  INFO 15504 --- [restartedMain] org.hibernate.dialect.Dialect            : HHH000400: Using dialect: org.hibernate.dialect.H2Dialect
2025-09-30 13:40:33.228  INFO 15504 --- [restartedMain] o.h.e.t.j.p.i.JtaPlatformInitiator       : HHH000490: Using JtaPlatform implementation: [org.hibernate.engine.transaction.jta.platform.internal.NoJtaPlatform]
2025-09-30 13:40:33.234  INFO 15504 --- [restartedMain] j.LocalContainerEntityManagerFactoryBean : Initialized JPA EntityManagerFactory for persistence unit 'default'
2025-09-30 13:40:33.800  WARN 15504 --- [restartedMain] JpaBaseConfiguration$JpaWebConfiguration : spring.jpa.open-in-view is enabled by default. Therefore, database queries may be performed during view rendering. Explicitly configure spring.jpa.open-in-view to disable this warning
2025-09-30 13:40:35.916  INFO 15504 --- [restartedMain] o.s.b.d.a.OptionalLiveReloadServer       : LiveReload server is running on port 35729
2025-09-30 13:40:36.362  INFO 15504 --- [restartedMain] DiscoveryClientOptionalArgsConfiguration : Eureka HTTP Client uses RestTemplate.
2025-09-30 13:40:36.421  WARN 15504 --- [restartedMain] iguration$LoadBalancerCaffeineWarnLogger : Spring Cloud LoadBalancer is currently working with the default cache. While this cache implementation is useful for development and tests, it's recommended to use Caffeine cache in production.You can switch to using Caffeine cache, by adding it and org.springframework.cache.caffeine.CaffeineCacheManager to the classpath.
2025-09-30 13:40:36.425  INFO 15504 --- [restartedMain] o.s.b.a.e.web.EndpointLinksResolver      : Exposing 17 endpoint(s) beneath base path '/actuator'
2025-09-30 13:40:36.505  INFO 15504 --- [restartedMain] o.s.b.w.embedded.tomcat.TomcatWebServer  : Tomcat started on port(s): 59939 (http) with context path ''
2025-09-30 13:40:36.507  INFO 15504 --- [restartedMain] .s.c.n.e.s.EurekaAutoServiceRegistration : Updating port to 59939
2025-09-30 13:40:36.512  INFO 15504 --- [restartedMain] o.s.c.n.eureka.InstanceInfoFactory       : Setting initial instance status as: STARTING
2025-09-30 13:40:36.587  INFO 15504 --- [restartedMain] com.netflix.discovery.DiscoveryClient    : Initializing Eureka in region us-east-1
2025-09-30 13:40:36.591  INFO 15504 --- [restartedMain] c.n.d.s.r.aws.ConfigClusterResolver      : Resolving eureka endpoints via configuration
2025-09-30 13:40:36.618  INFO 15504 --- [restartedMain] com.netflix.discovery.DiscoveryClient    : Disable delta property : false
2025-09-30 13:40:36.619  INFO 15504 --- [restartedMain] com.netflix.discovery.DiscoveryClient    : Single vip registry refresh property : null
2025-09-30 13:40:36.619  INFO 15504 --- [restartedMain] com.netflix.discovery.DiscoveryClient    : Force full registry fetch : false
2025-09-30 13:40:36.619  INFO 15504 --- [restartedMain] com.netflix.discovery.DiscoveryClient    : Application is null : false
2025-09-30 13:40:36.619  INFO 15504 --- [restartedMain] com.netflix.discovery.DiscoveryClient    : Registered Applications size is zero : true
2025-09-30 13:40:36.619  INFO 15504 --- [restartedMain] com.netflix.discovery.DiscoveryClient    : Application version is -1: true
2025-09-30 13:40:36.619  INFO 15504 --- [restartedMain] com.netflix.discovery.DiscoveryClient    : Getting all instance registry info from the eureka server
2025-09-30 13:40:36.940  INFO 15504 --- [restartedMain] com.netflix.discovery.DiscoveryClient    : The response status is 200
2025-09-30 13:40:36.942  INFO 15504 --- [restartedMain] com.netflix.discovery.DiscoveryClient    : Starting heartbeat executor: renew interval is: 30
2025-09-30 13:40:36.944  INFO 15504 --- [restartedMain] c.n.discovery.InstanceInfoReplicator     : InstanceInfoReplicator onDemand update allowed rate per min is 4
2025-09-30 13:40:36.948  INFO 15504 --- [restartedMain] com.netflix.discovery.DiscoveryClient    : Discovery Client initialized at timestamp 1759250436947 with initial instances count: 5
2025-09-30 13:40:36.950  INFO 15504 --- [restartedMain] o.s.c.n.e.s.EurekaServiceRegistry        : Registering application MSCARTOES with eureka with status UP
2025-09-30 13:40:36.950  INFO 15504 --- [restartedMain] com.netflix.discovery.DiscoveryClient    : Saw local status change event StatusChangeEvent [timestamp=1759250436950, current=UP, previous=STARTING]
2025-09-30 13:40:36.952  INFO 15504 --- [DiscoveryClient-InstanceInfoReplicator-0] com.netflix.discovery.DiscoveryClient    : DiscoveryClient_MSCARTOES/mscartoes:5160e794b8fb7d3b4b01eac7cdf9dafc: registering service...
2025-09-30 13:40:37.058  INFO 15504 --- [DiscoveryClient-InstanceInfoReplicator-0] com.netflix.discovery.DiscoveryClient    : DiscoveryClient_MSCARTOES/mscartoes:5160e794b8fb7d3b4b01eac7cdf9dafc - registration status: 204
2025-09-30 13:40:37.370  INFO 15504 --- [restartedMain] o.s.a.r.c.CachingConnectionFactory       : Attempting to connect to: [localhost:5672]
2025-09-30 13:40:37.419  INFO 15504 --- [restartedMain] o.s.a.r.c.CachingConnectionFactory       : Created new connection: rabbitConnectionFactory#771023ee:0/SimpleConnection@7bf46f6b [delegate=amqp://guest@127.0.0.1:5672/, localPort= 59946]
2025-09-30 13:40:37.486  INFO 15504 --- [restartedMain] i.g.c.mscartoes.MscartoesApplication     : Started MscartoesApplication in 9.482 seconds (JVM running for 10.156)
2025-09-30 13:44:30.516  INFO 15504 --- [http-nio-auto-1-exec-1] o.a.c.c.C.[Tomcat].[localhost].[/]       : Initializing Spring DispatcherServlet 'dispatcherServlet'
2025-09-30 13:44:30.516  INFO 15504 --- [http-nio-auto-1-exec-1] o.s.web.servlet.DispatcherServlet        : Initializing Servlet 'dispatcherServlet'
2025-09-30 13:44:30.518  INFO 15504 --- [http-nio-auto-1-exec-1] o.s.web.servlet.DispatcherServlet        : Completed initialization in 2 ms
2025-09-30 13:45:36.637  INFO 15504 --- [AsyncResolver-bootstrap-executor-0] c.n.d.s.r.aws.ConfigClusterResolver      : Resolving eureka endpoints via configuration
2025-09-30 13:50:36.647  INFO 15504 --- [AsyncResolver-bootstrap-executor-0] c.n.d.s.r.aws.ConfigClusterResolver      : Resolving eureka endpoints via configuration
2025-09-30 13:55:36.662  INFO 15504 --- [AsyncResolver-bootstrap-executor-0] c.n.d.s.r.aws.ConfigClusterResolver      : Resolving eureka endpoints via configuration
2025-09-30 14:00:36.665  INFO 15504 --- [AsyncResolver-bootstrap-executor-0] c.n.d.s.r.aws.ConfigClusterResolver      : Resolving eureka endpoints via configuration
2025-09-30 14:05:36.674  INFO 15504 --- [AsyncResolver-bootstrap-executor-0] c.n.d.s.r.aws.ConfigClusterResolver      : Resolving eureka endpoints via configuration
2025-09-30 14:10:36.681  INFO 15504 --- [AsyncResolver-bootstrap-executor-0] c.n.d.s.r.aws.ConfigClusterResolver      : Resolving eureka endpoints via configuration
2025-09-30 14:15:36.691  INFO 15504 --- [AsyncResolver-bootstrap-executor-0] c.n.d.s.r.aws.ConfigClusterResolver      : Resolving eureka endpoints via configuration
2025-09-30 14:20:36.700  INFO 15504 --- [AsyncResolver-bootstrap-executor-0] c.n.d.s.r.aws.ConfigClusterResolver      : Resolving eureka endpoints via configuration
2025-09-30 14:25:36.711  INFO 15504 --- [AsyncResolver-bootstrap-executor-0] c.n.d.s.r.aws.ConfigClusterResolver      : Resolving eureka endpoints via configuration
2025-09-30 14:30:36.722  INFO 15504 --- [AsyncResolver-bootstrap-executor-0] c.n.d.s.r.aws.ConfigClusterResolver      : Resolving eureka endpoints via configuration
2025-09-30 14:35:36.729  INFO 15504 --- [AsyncResolver-bootstrap-executor-0] c.n.d.s.r.aws.ConfigClusterResolver      : Resolving eureka endpoints via configuration
2025-09-30 14:40:36.737  INFO 15504 --- [AsyncResolver-bootstrap-executor-0] c.n.d.s.r.aws.ConfigClusterResolver      : Resolving eureka endpoints via configuration
2025-09-30 14:45:36.740  INFO 15504 --- [AsyncResolver-bootstrap-executor-0] c.n.d.s.r.aws.ConfigClusterResolver      : Resolving eureka endpoints via configuration
2025-09-30 14:50:36.752  INFO 15504 --- [AsyncResolver-bootstrap-executor-0] c.n.d.s.r.aws.ConfigClusterResolver      : Resolving eureka endpoints via configuration
2025-09-30 14:55:36.767  INFO 15504 --- [AsyncResolver-bootstrap-executor-0] c.n.d.s.r.aws.ConfigClusterResolver      : Resolving eureka endpoints via configuration
2025-09-30 15:00:36.772  INFO 15504 --- [AsyncResolver-bootstrap-executor-0] c.n.d.s.r.aws.ConfigClusterResolver      : Resolving eureka endpoints via configuration
2025-09-30 15:05:36.777  INFO 15504 --- [AsyncResolver-bootstrap-executor-0] c.n.d.s.r.aws.ConfigClusterResolver      : Resolving eureka endpoints via configuration
2025-09-30 15:10:36.792  INFO 15504 --- [AsyncResolver-bootstrap-executor-0] c.n.d.s.r.aws.ConfigClusterResolver      : Resolving eureka endpoints via configuration
2025-09-30 15:15:36.804  INFO 15504 --- [AsyncResolver-bootstrap-executor-0] c.n.d.s.r.aws.ConfigClusterResolver      : Resolving eureka endpoints via configuration
2025-09-30 15:20:36.807  INFO 15504 --- [AsyncResolver-bootstrap-executor-0] c.n.d.s.r.aws.ConfigClusterResolver      : Resolving eureka endpoints via configuration
2025-09-30 15:25:36.812  INFO 15504 --- [AsyncResolver-bootstrap-executor-0] c.n.d.s.r.aws.ConfigClusterResolver      : Resolving eureka endpoints via configuration
2025-09-30 15:30:36.817  INFO 15504 --- [AsyncResolver-bootstrap-executor-0] c.n.d.s.r.aws.ConfigClusterResolver      : Resolving eureka endpoints via configuration
2025-09-30 15:35:36.831  INFO 15504 --- [AsyncResolver-bootstrap-executor-0] c.n.d.s.r.aws.ConfigClusterResolver      : Resolving eureka endpoints via configuration
2025-09-30 15:40:36.836  INFO 15504 --- [AsyncResolver-bootstrap-executor-0] c.n.d.s.r.aws.ConfigClusterResolver      : Resolving eureka endpoints via configuration
2025-09-30 15:45:36.837  INFO 15504 --- [AsyncResolver-bootstrap-executor-0] c.n.d.s.r.aws.ConfigClusterResolver      : Resolving eureka endpoints via configuration
2025-09-30 15:45:44.087  INFO 15504 --- [DiscoveryClient-HeartbeatExecutor-0] com.netflix.discovery.DiscoveryClient    : DiscoveryClient_MSCARTOES/mscartoes:5160e794b8fb7d3b4b01eac7cdf9dafc - Re-registering apps/MSCARTOES
2025-09-30 15:45:44.088  INFO 15504 --- [DiscoveryClient-HeartbeatExecutor-0] com.netflix.discovery.DiscoveryClient    : DiscoveryClient_MSCARTOES/mscartoes:5160e794b8fb7d3b4b01eac7cdf9dafc: registering service...
2025-09-30 15:45:44.155  INFO 15504 --- [DiscoveryClient-HeartbeatExecutor-0] com.netflix.discovery.DiscoveryClient    : DiscoveryClient_MSCARTOES/mscartoes:5160e794b8fb7d3b4b01eac7cdf9dafc - registration status: 204
2025-09-30 15:46:14.109  INFO 15504 --- [DiscoveryClient-CacheRefreshExecutor-0] com.netflix.discovery.DiscoveryClient    : Disable delta property : false
2025-09-30 15:46:14.110  INFO 15504 --- [DiscoveryClient-CacheRefreshExecutor-0] com.netflix.discovery.DiscoveryClient    : Single vip registry refresh property : null
2025-09-30 15:46:14.110  INFO 15504 --- [DiscoveryClient-CacheRefreshExecutor-0] com.netflix.discovery.DiscoveryClient    : Force full registry fetch : false
2025-09-30 15:46:14.110  INFO 15504 --- [DiscoveryClient-CacheRefreshExecutor-0] com.netflix.discovery.DiscoveryClient    : Application is null : false
2025-09-30 15:46:14.110  INFO 15504 --- [DiscoveryClient-CacheRefreshExecutor-0] com.netflix.discovery.DiscoveryClient    : Registered Applications size is zero : true
2025-09-30 15:46:14.110  INFO 15504 --- [DiscoveryClient-CacheRefreshExecutor-0] com.netflix.discovery.DiscoveryClient    : Application version is -1: false
2025-09-30 15:46:14.110  INFO 15504 --- [DiscoveryClient-CacheRefreshExecutor-0] com.netflix.discovery.DiscoveryClient    : Getting all instance registry info from the eureka server
2025-09-30 15:46:14.129  INFO 15504 --- [DiscoveryClient-CacheRefreshExecutor-0] com.netflix.discovery.DiscoveryClient    : The response status is 200
2025-09-30 15:50:36.843  INFO 15504 --- [AsyncResolver-bootstrap-executor-0] c.n.d.s.r.aws.ConfigClusterResolver      : Resolving eureka endpoints via configuration
2025-09-30 15:51:14.791  INFO 15504 --- [SpringApplicationShutdownHook] o.s.c.n.e.s.EurekaServiceRegistry        : Unregistering application MSCARTOES with eureka with status DOWN
2025-09-30 15:51:14.792  INFO 15504 --- [SpringApplicationShutdownHook] com.netflix.discovery.DiscoveryClient    : Saw local status change event StatusChangeEvent [timestamp=1759258274792, current=DOWN, previous=UP]
2025-09-30 15:51:14.792  INFO 15504 --- [DiscoveryClient-InstanceInfoReplicator-0] com.netflix.discovery.DiscoveryClient    : DiscoveryClient_MSCARTOES/mscartoes:5160e794b8fb7d3b4b01eac7cdf9dafc: registering service...
2025-09-30 15:51:14.798  INFO 15504 --- [DiscoveryClient-InstanceInfoReplicator-0] com.netflix.discovery.DiscoveryClient    : DiscoveryClient_MSCARTOES/mscartoes:5160e794b8fb7d3b4b01eac7cdf9dafc - registration status: 204
2025-09-30 15:51:14.832  INFO 15504 --- [SpringApplicationShutdownHook] o.s.a.r.l.SimpleMessageListenerContainer : Waiting for workers to finish.
2025-09-30 15:51:15.831  INFO 15504 --- [SpringApplicationShutdownHook] o.s.a.r.l.SimpleMessageListenerContainer : Successfully waited for workers to finish.
2025-09-30 15:51:16.137  INFO 15504 --- [SpringApplicationShutdownHook] j.LocalContainerEntityManagerFactoryBean : Closing JPA EntityManagerFactory for persistence unit 'default'
2025-09-30 15:51:16.149  INFO 15504 --- [SpringApplicationShutdownHook] .SchemaDropperImpl$DelayedDropActionImpl : HHH000477: Starting delayed evictData of schema as part of SessionFactory shut-down'
2025-09-30 15:51:16.400  WARN 15504 --- [SpringApplicationShutdownHook] o.s.b.f.support.DisposableBeanAdapter    : Invocation of destroy method failed on bean with name 'inMemoryDatabaseShutdownExecutor': org.h2.jdbc.JdbcSQLNonTransientConnectionException: Database is already closed (to disable automatic closing at VM shutdown, add ";DB_CLOSE_ON_EXIT=FALSE" to the db URL) [90121-200]
2025-09-30 15:51:16.401  INFO 15504 --- [SpringApplicationShutdownHook] com.zaxxer.hikari.HikariDataSource       : HikariPool-1 - Shutdown initiated...
2025-09-30 15:51:16.405  INFO 15504 --- [SpringApplicationShutdownHook] com.zaxxer.hikari.HikariDataSource       : HikariPool-1 - Shutdown completed.
2025-09-30 15:51:16.409  INFO 15504 --- [SpringApplicationShutdownHook] com.netflix.discovery.DiscoveryClient    : Shutting down DiscoveryClient ...
2025-09-30 15:51:19.413  INFO 15504 --- [SpringApplicationShutdownHook] com.netflix.discovery.DiscoveryClient    : Unregistering ...
2025-09-30 15:51:19.430  INFO 15504 --- [SpringApplicationShutdownHook] com.netflix.discovery.DiscoveryClient    : DiscoveryClient_MSCARTOES/mscartoes:5160e794b8fb7d3b4b01eac7cdf9dafc - deregister  status: 200
2025-09-30 15:51:19.434  INFO 15504 --- [SpringApplicationShutdownHook] com.netflix.discovery.DiscoveryClient    : Completed shut down of DiscoveryClient
2025-09-30 16:00:07.167  INFO 34536 --- [restartedMain] i.g.c.mscartoes.MscartoesApplication     : Starting MscartoesApplication using Java 17.0.12 on DESKTOP-A078AE0 with PID 34536 (G:\ws-cursospring\mscartoes\target\classes started by Gabriel in G:\ws-cursospring\mscartoes)
2025-09-30 16:00:07.169  INFO 34536 --- [restartedMain] i.g.c.mscartoes.MscartoesApplication     : No active profile set, falling back to 1 default profile: "default"
2025-09-30 16:00:07.279  INFO 34536 --- [restartedMain] .e.DevToolsPropertyDefaultsPostProcessor : Devtools property defaults active! Set 'spring.devtools.add-properties' to 'false' to disable
2025-09-30 16:00:07.279  INFO 34536 --- [restartedMain] .e.DevToolsPropertyDefaultsPostProcessor : For additional web related logging consider setting the 'logging.level.web' property to 'DEBUG'
2025-09-30 16:00:08.551  INFO 34536 --- [restartedMain] .s.d.r.c.RepositoryConfigurationDelegate : Bootstrapping Spring Data JPA repositories in DEFAULT mode.
2025-09-30 16:00:08.692  INFO 34536 --- [restartedMain] .s.d.r.c.RepositoryConfigurationDelegate : Finished Spring Data repository scanning in 123 ms. Found 2 JPA repository interfaces.
2025-09-30 16:00:09.057  INFO 34536 --- [restartedMain] o.s.cloud.context.scope.GenericScope     : BeanFactory id=9fcfd48b-9f8b-36f7-8b05-e5db057a78c9
2025-09-30 16:00:10.274  INFO 34536 --- [restartedMain] o.s.b.w.embedded.tomcat.TomcatWebServer  : Tomcat initialized with port(s): 0 (http)
2025-09-30 16:00:10.284  INFO 34536 --- [restartedMain] o.apache.catalina.core.StandardService   : Starting service [Tomcat]
2025-09-30 16:00:10.284  INFO 34536 --- [restartedMain] org.apache.catalina.core.StandardEngine  : Starting Servlet engine: [Apache Tomcat/9.0.63]
2025-09-30 16:00:10.410  INFO 34536 --- [restartedMain] o.a.c.c.C.[Tomcat].[localhost].[/]       : Initializing Spring embedded WebApplicationContext
2025-09-30 16:00:10.411  INFO 34536 --- [restartedMain] w.s.c.ServletWebServerApplicationContext : Root WebApplicationContext: initialization completed in 3130 ms
2025-09-30 16:00:10.653  INFO 34536 --- [restartedMain] com.zaxxer.hikari.HikariDataSource       : HikariPool-1 - Starting...
2025-09-30 16:00:10.962  INFO 34536 --- [restartedMain] com.zaxxer.hikari.HikariDataSource       : HikariPool-1 - Start completed.
2025-09-30 16:00:10.985  INFO 34536 --- [restartedMain] o.s.b.a.h2.H2ConsoleAutoConfiguration    : H2 console available at '/h2-console'. Database available at 'jdbc:h2:mem:6c80d002-8f99-4e27-915f-58b875523848'
2025-09-30 16:00:11.596  INFO 34536 --- [restartedMain] o.hibernate.jpa.internal.util.LogHelper  : HHH000204: Processing PersistenceUnitInfo [name: default]
2025-09-30 16:00:11.739  INFO 34536 --- [restartedMain] org.hibernate.Version                    : HHH000412: Hibernate ORM core version 5.6.9.Final
2025-09-30 16:00:12.092  INFO 34536 --- [restartedMain] o.hibernate.annotations.common.Version   : HCANN000001: Hibernate Commons Annotations {5.1.2.Final}
2025-09-30 16:00:12.257  INFO 34536 --- [restartedMain] org.hibernate.dialect.Dialect            : HHH000400: Using dialect: org.hibernate.dialect.H2Dialect
2025-09-30 16:00:12.774  INFO 34536 --- [restartedMain] o.h.e.t.j.p.i.JtaPlatformInitiator       : HHH000490: Using JtaPlatform implementation: [org.hibernate.engine.transaction.jta.platform.internal.NoJtaPlatform]
2025-09-30 16:00:12.780  INFO 34536 --- [restartedMain] j.LocalContainerEntityManagerFactoryBean : Initialized JPA EntityManagerFactory for persistence unit 'default'
2025-09-30 16:00:13.572  WARN 34536 --- [restartedMain] JpaBaseConfiguration$JpaWebConfiguration : spring.jpa.open-in-view is enabled by default. Therefore, database queries may be performed during view rendering. Explicitly configure spring.jpa.open-in-view to disable this warning
2025-09-30 16:00:16.473  INFO 34536 --- [restartedMain] o.s.b.d.a.OptionalLiveReloadServer       : LiveReload server is running on port 35729
2025-09-30 16:00:16.661  INFO 34536 --- [restartedMain] DiscoveryClientOptionalArgsConfiguration : Eureka HTTP Client uses RestTemplate.
2025-09-30 16:00:16.770  WARN 34536 --- [restartedMain] iguration$LoadBalancerCaffeineWarnLogger : Spring Cloud LoadBalancer is currently working with the default cache. While this cache implementation is useful for development and tests, it's recommended to use Caffeine cache in production.You can switch to using Caffeine cache, by adding it and org.springframework.cache.caffeine.CaffeineCacheManager to the classpath.
2025-09-30 16:00:16.774  INFO 34536 --- [restartedMain] o.s.b.a.e.web.EndpointLinksResolver      : Exposing 17 endpoint(s) beneath base path '/actuator'
2025-09-30 16:00:16.892  INFO 34536 --- [restartedMain] o.s.b.w.embedded.tomcat.TomcatWebServer  : Tomcat started on port(s): 56222 (http) with context path ''
2025-09-30 16:00:16.894  INFO 34536 --- [restartedMain] .s.c.n.e.s.EurekaAutoServiceRegistration : Updating port to 56222
2025-09-30 16:00:16.901  INFO 34536 --- [restartedMain] o.s.c.n.eureka.InstanceInfoFactory       : Setting initial instance status as: STARTING
2025-09-30 16:00:16.965  INFO 34536 --- [restartedMain] com.netflix.discovery.DiscoveryClient    : Initializing Eureka in region us-east-1
2025-09-30 16:00:16.969  INFO 34536 --- [restartedMain] c.n.d.s.r.aws.ConfigClusterResolver      : Resolving eureka endpoints via configuration
2025-09-30 16:00:17.000  INFO 34536 --- [restartedMain] com.netflix.discovery.DiscoveryClient    : Disable delta property : false
2025-09-30 16:00:17.000  INFO 34536 --- [restartedMain] com.netflix.discovery.DiscoveryClient    : Single vip registry refresh property : null
2025-09-30 16:00:17.000  INFO 34536 --- [restartedMain] com.netflix.discovery.DiscoveryClient    : Force full registry fetch : false
2025-09-30 16:00:17.000  INFO 34536 --- [restartedMain] com.netflix.discovery.DiscoveryClient    : Application is null : false
2025-09-30 16:00:17.000  INFO 34536 --- [restartedMain] com.netflix.discovery.DiscoveryClient    : Registered Applications size is zero : true
2025-09-30 16:00:17.000  INFO 34536 --- [restartedMain] com.netflix.discovery.DiscoveryClient    : Application version is -1: true
2025-09-30 16:00:17.001  INFO 34536 --- [restartedMain] com.netflix.discovery.DiscoveryClient    : Getting all instance registry info from the eureka server
2025-09-30 16:00:17.288  INFO 34536 --- [restartedMain] com.netflix.discovery.DiscoveryClient    : The response status is 200
2025-09-30 16:00:17.291  INFO 34536 --- [restartedMain] com.netflix.discovery.DiscoveryClient    : Starting heartbeat executor: renew interval is: 30
2025-09-30 16:00:17.293  INFO 34536 --- [restartedMain] c.n.discovery.InstanceInfoReplicator     : InstanceInfoReplicator onDemand update allowed rate per min is 4
2025-09-30 16:00:17.298  INFO 34536 --- [restartedMain] com.netflix.discovery.DiscoveryClient    : Discovery Client initialized at timestamp 1759258817297 with initial instances count: 1
2025-09-30 16:00:17.300  INFO 34536 --- [restartedMain] o.s.c.n.e.s.EurekaServiceRegistry        : Registering application MSCARTOES with eureka with status UP
2025-09-30 16:00:17.300  INFO 34536 --- [restartedMain] com.netflix.discovery.DiscoveryClient    : Saw local status change event StatusChangeEvent [timestamp=1759258817300, current=UP, previous=STARTING]
2025-09-30 16:00:17.301  INFO 34536 --- [DiscoveryClient-InstanceInfoReplicator-0] com.netflix.discovery.DiscoveryClient    : DiscoveryClient_MSCARTOES/mscartoes:3655d7f7a76fdae683b703549dec55de: registering service...
2025-09-30 16:00:17.398  INFO 34536 --- [DiscoveryClient-InstanceInfoReplicator-0] com.netflix.discovery.DiscoveryClient    : DiscoveryClient_MSCARTOES/mscartoes:3655d7f7a76fdae683b703549dec55de - registration status: 204
2025-09-30 16:00:17.447  INFO 34536 --- [restartedMain] o.s.a.r.c.CachingConnectionFactory       : Attempting to connect to: [localhost:5672]
2025-09-30 16:00:17.498  INFO 34536 --- [restartedMain] o.s.a.r.c.CachingConnectionFactory       : Created new connection: rabbitConnectionFactory#60493d00:0/SimpleConnection@3fc5788c [delegate=amqp://guest@127.0.0.1:5672/, localPort= 56225]
2025-09-30 16:00:17.570  INFO 34536 --- [restartedMain] i.g.c.mscartoes.MscartoesApplication     : Started MscartoesApplication in 11.144 seconds (JVM running for 11.867)
2025-09-30 16:05:17.008  INFO 34536 --- [AsyncResolver-bootstrap-executor-0] c.n.d.s.r.aws.ConfigClusterResolver      : Resolving eureka endpoints via configuration
2025-09-30 16:10:17.018  INFO 34536 --- [AsyncResolver-bootstrap-executor-0] c.n.d.s.r.aws.ConfigClusterResolver      : Resolving eureka endpoints via configuration
2025-09-30 17:07:20.546  INFO 20704 --- [main] i.g.c.m.MscartoesApplicationTests        : Starting MscartoesApplicationTests using Java 17.0.12 on DESKTOP-A078AE0 with PID 20704 (started by Gabriel in G:\ws-cursospring\projeto-cursoms\mscartoes)
2025-09-30 17:07:20.547  INFO 20704 --- [main] i.g.c.m.MscartoesApplicationTests        : No active profile set, falling back to 1 default profile: "default"
2025-09-30 17:07:21.693  INFO 20704 --- [main] .s.d.r.c.RepositoryConfigurationDelegate : Bootstrapping Spring Data JPA repositories in DEFAULT mode.
2025-09-30 17:07:21.821  INFO 20704 --- [main] .s.d.r.c.RepositoryConfigurationDelegate : Finished Spring Data repository scanning in 119 ms. Found 2 JPA repository interfaces.
2025-09-30 17:07:22.091  INFO 20704 --- [main] o.s.cloud.context.scope.GenericScope     : BeanFactory id=bf8ae507-c682-3639-b6df-c58da7d9cbba
2025-09-30 17:07:22.749  INFO 20704 --- [main] com.zaxxer.hikari.HikariDataSource       : HikariPool-1 - Starting...
2025-09-30 17:07:22.986  INFO 20704 --- [main] com.zaxxer.hikari.HikariDataSource       : HikariPool-1 - Start completed.
2025-09-30 17:07:23.056  INFO 20704 --- [main] o.hibernate.jpa.internal.util.LogHelper  : HHH000204: Processing PersistenceUnitInfo [name: default]
2025-09-30 17:07:23.134  INFO 20704 --- [main] org.hibernate.Version                    : HHH000412: Hibernate ORM core version 5.6.9.Final
2025-09-30 17:07:23.369  INFO 20704 --- [main] o.hibernate.annotations.common.Version   : HCANN000001: Hibernate Commons Annotations {5.1.2.Final}
2025-09-30 17:07:23.472  INFO 20704 --- [main] org.hibernate.dialect.Dialect            : HHH000400: Using dialect: org.hibernate.dialect.H2Dialect
2025-09-30 17:07:23.897  INFO 20704 --- [main] o.h.e.t.j.p.i.JtaPlatformInitiator       : HHH000490: Using JtaPlatform implementation: [org.hibernate.engine.transaction.jta.platform.internal.NoJtaPlatform]
2025-09-30 17:07:23.902  INFO 20704 --- [main] j.LocalContainerEntityManagerFactoryBean : Initialized JPA EntityManagerFactory for persistence unit 'default'
2025-09-30 17:07:25.281  WARN 20704 --- [main] JpaBaseConfiguration$JpaWebConfiguration : spring.jpa.open-in-view is enabled by default. Therefore, database queries may be performed during view rendering. Explicitly configure spring.jpa.open-in-view to disable this warning
2025-09-30 17:07:29.255  INFO 20704 --- [main] DiscoveryClientOptionalArgsConfiguration : Eureka HTTP Client uses RestTemplate.
2025-09-30 17:07:29.423  WARN 20704 --- [main] iguration$LoadBalancerCaffeineWarnLogger : Spring Cloud LoadBalancer is currently working with the default cache. While this cache implementation is useful for development and tests, it's recommended to use Caffeine cache in production.You can switch to using Caffeine cache, by adding it and org.springframework.cache.caffeine.CaffeineCacheManager to the classpath.
2025-09-30 17:07:29.436  INFO 20704 --- [main] o.s.b.a.e.web.EndpointLinksResolver      : Exposing 17 endpoint(s) beneath base path '/actuator'
2025-09-30 17:07:29.532  INFO 20704 --- [main] o.s.a.r.c.CachingConnectionFactory       : Attempting to connect to: [localhost:5672]
2025-09-30 17:07:29.597  INFO 20704 --- [main] o.s.a.r.c.CachingConnectionFactory       : Created new connection: rabbitConnectionFactory#30be6a05:0/SimpleConnection@7da70124 [delegate=amqp://guest@127.0.0.1:5672/, localPort= 62919]
2025-09-30 17:07:29.663  INFO 20704 --- [main] i.g.c.m.MscartoesApplicationTests        : Started MscartoesApplicationTests in 9.623 seconds (JVM running for 10.457)
2025-09-30 17:07:29.885  INFO 20704 --- [SpringApplicationShutdownHook] o.s.c.n.eureka.InstanceInfoFactory       : Setting initial instance status as: STARTING
2025-09-30 17:07:29.888  INFO 20704 --- [SpringApplicationShutdownHook] o.s.c.n.e.s.EurekaServiceRegistry        : Unregistering application MSCARTOES with eureka with status DOWN
2025-09-30 17:07:29.897  INFO 20704 --- [org.springframework.amqp.rabbit.RabbitListenerEndpointContainer#0-2] o.s.a.r.l.SimpleMessageListenerContainer : Waiting for workers to finish.
2025-09-30 17:07:30.655  INFO 20704 --- [org.springframework.amqp.rabbit.RabbitListenerEndpointContainer#0-2] o.s.a.r.l.SimpleMessageListenerContainer : Successfully waited for workers to finish.
2025-09-30 17:07:30.665  INFO 20704 --- [SpringApplicationShutdownHook] o.s.a.r.l.SimpleMessageListenerContainer : Shutdown ignored - container is already stopped
2025-09-30 17:07:30.667  INFO 20704 --- [SpringApplicationShutdownHook] j.LocalContainerEntityManagerFactoryBean : Closing JPA EntityManagerFactory for persistence unit 'default'
2025-09-30 17:07:30.667  INFO 20704 --- [SpringApplicationShutdownHook] .SchemaDropperImpl$DelayedDropActionImpl : HHH000477: Starting delayed evictData of schema as part of SessionFactory shut-down'
2025-09-30 17:07:30.671  INFO 20704 --- [SpringApplicationShutdownHook] com.zaxxer.hikari.HikariDataSource       : HikariPool-1 - Shutdown initiated...
2025-09-30 17:07:30.674  INFO 20704 --- [SpringApplicationShutdownHook] com.zaxxer.hikari.HikariDataSource       : HikariPool-1 - Shutdown completed.
